<?xml version="1.0" encoding="UTF-8" ?>
<testsuite tests="1" failures="0" name="query.run.JoinToSubjectTest" time="12.01" errors="1" skipped="0">
  <properties>
[...]
</properties>
  <testcase classname="query.run.JoinToSubjectTest" name="queryTest" time="11.972">
    <error message="Error while instantiating &apos;org.apache.spark.sql.hive.HiveSessionState&apos;:" type="java.lang.IllegalArgumentException">java.lang.IllegalArgumentException: Error while instantiating &apos;org.apache.spark.sql.hive.HiveSessionState&apos;:
	at org.apache.spark.sql.SparkSession$.org$apache$spark$sql$SparkSession$$reflect(SparkSession.scala:981)
	at org.apache.spark.sql.SparkSession.sessionState$lzycompute(SparkSession.scala:110)
	at org.apache.spark.sql.SparkSession.sessionState(SparkSession.scala:109)
	at org.apache.spark.sql.SparkSession$Builder$$anonfun$getOrCreate$5.apply(SparkSession.scala:878)
	at org.apache.spark.sql.SparkSession$Builder$$anonfun$getOrCreate$5.apply(SparkSession.scala:878)
	at scala.collection.mutable.HashMap$$anonfun$foreach$1.apply(HashMap.scala:99)
	at scala.collection.mutable.HashMap$$anonfun$foreach$1.apply(HashMap.scala:99)
	at scala.collection.mutable.HashTable$class.foreachEntry(HashTable.scala:230)
	at scala.collection.mutable.HashMap.foreachEntry(HashMap.scala:40)
	at scala.collection.mutable.HashMap.foreach(HashMap.scala:99)
	at org.apache.spark.sql.SparkSession$Builder.getOrCreate(SparkSession.scala:878)
	at com.holdenkarau.spark.testing.DataFrameSuiteBaseLike$class.sqlBeforeAllTestCases(DataFrameSuiteBase.scala:113)
	at com.holdenkarau.spark.testing.JavaDataFrameSuiteBase.sqlBeforeAllTestCases(JavaDataFrameSuiteBase.scala:3)
	at com.holdenkarau.spark.testing.JavaDataFrameSuiteBase.beforeAllTestCasesHook(JavaDataFrameSuiteBase.scala:7)
	at com.holdenkarau.spark.testing.SharedJavaSparkContext.runBefore(SharedJavaSparkContext.java:67)
	at sun.reflect.NativeMethodAccessorImpl.invoke0(Native Method)
	at sun.reflect.NativeMethodAccessorImpl.invoke(NativeMethodAccessorImpl.java:62)
	at sun.reflect.DelegatingMethodAccessorImpl.invoke(DelegatingMethodAccessorImpl.java:43)
	at java.lang.reflect.Method.invoke(Method.java:498)
	at org.junit.runners.model.FrameworkMethod$1.runReflectiveCall(FrameworkMethod.java:50)
	at org.junit.internal.runners.model.ReflectiveCallable.run(ReflectiveCallable.java:12)
	at org.junit.runners.model.FrameworkMethod.invokeExplosively(FrameworkMethod.java:47)
	at org.junit.internal.runners.statements.RunBefores.evaluate(RunBefores.java:24)
	at org.junit.runners.ParentRunner.runLeaf(ParentRunner.java:325)
	at org.junit.runners.BlockJUnit4ClassRunner.runChild(BlockJUnit4ClassRunner.java:78)
	at org.junit.runners.BlockJUnit4ClassRunner.runChild(BlockJUnit4ClassRunner.java:57)
	at org.junit.runners.ParentRunner$3.run(ParentRunner.java:290)
	at org.junit.runners.ParentRunner$1.schedule(ParentRunner.java:71)
	at org.junit.runners.ParentRunner.runChildren(ParentRunner.java:288)
	at org.junit.runners.ParentRunner.access$000(ParentRunner.java:58)
	at org.junit.runners.ParentRunner$2.evaluate(ParentRunner.java:268)
	at org.junit.internal.runners.statements.RunAfters.evaluate(RunAfters.java:27)
	at org.junit.runners.ParentRunner.run(ParentRunner.java:363)
	at org.apache.maven.surefire.junit4.JUnit4TestSet.execute(JUnit4TestSet.java:53)
	at org.apache.maven.surefire.junit4.JUnit4Provider.executeTestSet(JUnit4Provider.java:123)
	at org.apache.maven.surefire.junit4.JUnit4Provider.invoke(JUnit4Provider.java:104)
	at sun.reflect.NativeMethodAccessorImpl.invoke0(Native Method)
	at sun.reflect.NativeMethodAccessorImpl.invoke(NativeMethodAccessorImpl.java:62)
	at sun.reflect.DelegatingMethodAccessorImpl.invoke(DelegatingMethodAccessorImpl.java:43)
	at java.lang.reflect.Method.invoke(Method.java:498)
	at org.apache.maven.surefire.util.ReflectionUtils.invokeMethodWithArray(ReflectionUtils.java:164)
	at org.apache.maven.surefire.booter.ProviderFactory$ProviderProxy.invoke(ProviderFactory.java:110)
	at org.apache.maven.surefire.booter.SurefireStarter.invokeProvider(SurefireStarter.java:175)
	at org.apache.maven.surefire.booter.SurefireStarter.runSuitesInProcessWhenForked(SurefireStarter.java:107)
	at org.apache.maven.surefire.booter.ForkedBooter.main(ForkedBooter.java:68)
Caused by: java.lang.reflect.InvocationTargetException
	at sun.reflect.NativeConstructorAccessorImpl.newInstance0(Native Method)
	at sun.reflect.NativeConstructorAccessorImpl.newInstance(NativeConstructorAccessorImpl.java:62)
	at sun.reflect.DelegatingConstructorAccessorImpl.newInstance(DelegatingConstructorAccessorImpl.java:45)
	at java.lang.reflect.Constructor.newInstance(Constructor.java:423)
	at org.apache.spark.sql.SparkSession$.org$apache$spark$sql$SparkSession$$reflect(SparkSession.scala:978)
	... 44 more
Caused by: java.lang.IllegalArgumentException: Error while instantiating &apos;org.apache.spark.sql.hive.HiveExternalCatalog&apos;:
	at org.apache.spark.sql.internal.SharedState$.org$apache$spark$sql$internal$SharedState$$reflect(SharedState.scala:169)
	at org.apache.spark.sql.internal.SharedState.&lt;init&gt;(SharedState.scala:86)
	at org.apache.spark.sql.SparkSession$$anonfun$sharedState$1.apply(SparkSession.scala:101)
	at org.apache.spark.sql.SparkSession$$anonfun$sharedState$1.apply(SparkSession.scala:101)
	at scala.Option.getOrElse(Option.scala:121)
	at org.apache.spark.sql.SparkSession.sharedState$lzycompute(SparkSession.scala:101)
	at org.apache.spark.sql.SparkSession.sharedState(SparkSession.scala:100)
	at org.apache.spark.sql.internal.SessionState.&lt;init&gt;(SessionState.scala:157)
	at org.apache.spark.sql.hive.HiveSessionState.&lt;init&gt;(HiveSessionState.scala:32)
	... 49 more
Caused by: java.lang.reflect.InvocationTargetException
	at sun.reflect.NativeConstructorAccessorImpl.newInstance0(Native Method)
	at sun.reflect.NativeConstructorAccessorImpl.newInstance(NativeConstructorAccessorImpl.java:62)
	at sun.reflect.DelegatingConstructorAccessorImpl.newInstance(DelegatingConstructorAccessorImpl.java:45)
	at java.lang.reflect.Constructor.newInstance(Constructor.java:423)
	at org.apache.spark.sql.internal.SharedState$.org$apache$spark$sql$internal$SharedState$$reflect(SharedState.scala:166)
	... 57 more
Caused by: java.lang.reflect.InvocationTargetException
	at sun.reflect.NativeConstructorAccessorImpl.newInstance0(Native Method)
	at sun.reflect.NativeConstructorAccessorImpl.newInstance(NativeConstructorAccessorImpl.java:62)
	at sun.reflect.DelegatingConstructorAccessorImpl.newInstance(DelegatingConstructorAccessorImpl.java:45)
	at java.lang.reflect.Constructor.newInstance(Constructor.java:423)
	at org.apache.spark.sql.hive.client.IsolatedClientLoader.createClient(IsolatedClientLoader.scala:264)
	at org.apache.spark.sql.hive.HiveUtils$.newClientForMetadata(HiveUtils.scala:366)
	at org.apache.spark.sql.hive.HiveUtils$.newClientForMetadata(HiveUtils.scala:270)
	at org.apache.spark.sql.hive.HiveExternalCatalog.&lt;init&gt;(HiveExternalCatalog.scala:65)
	... 62 more
Caused by: java.lang.RuntimeException: java.lang.RuntimeException: The root scratch dir: /tmp/hive on HDFS should be writable. Current permissions are: rwx------
	at org.apache.hadoop.hive.ql.session.SessionState.start(SessionState.java:522)
	at org.apache.spark.sql.hive.client.HiveClientImpl.&lt;init&gt;(HiveClientImpl.scala:192)
	... 70 more
Caused by: java.lang.RuntimeException: The root scratch dir: /tmp/hive on HDFS should be writable. Current permissions are: rwx------
	at org.apache.hadoop.hive.ql.session.SessionState.createRootHDFSDir(SessionState.java:612)
	at org.apache.hadoop.hive.ql.session.SessionState.createSessionDirs(SessionState.java:554)
	at org.apache.hadoop.hive.ql.session.SessionState.start(SessionState.java:508)
	... 71 more
</error>
    <system-err>19/09/24 18:50:11 WARN SparkContext: Using an existing SparkContext; some configuration may not take effect.
19/09/24 18:50:22 WARN ObjectStore: Version information not found in metastore. hive.metastore.schema.verification is not enabled so recording the schema version 1.2.0
19/09/24 18:50:22 WARN ObjectStore: Failed to get database default, returning NoSuchObjectException
</system-err>
  </testcase>
</testsuite>